<?xml version="1.0" encoding="UTF-8"?>
<testsuite xmlns:xsi="http://www.w3.org/2001/XMLSchema-instance" xsi:noNamespaceSchemaLocation="https://maven.apache.org/surefire/maven-surefire-plugin/xsd/surefire-test-report-3.0.xsd" version="3.0" name="com.weatherwise.algorithm.SafeRouteOptimizerTest" time="0.123" tests="6" errors="0" skipped="0" failures="0">
  <properties>
[...]
</properties>
  <testcase name="allRoutesBlocked" classname="com.weatherwise.algorithm.SafeRouteOptimizerTest" time="0.06"/>
  <testcase name="safeRouteExists" classname="com.weatherwise.algorithm.SafeRouteOptimizerTest" time="0.002"/>
  <testcase name="shelterFinding" classname="com.weatherwise.algorithm.SafeRouteOptimizerTest" time="0.011"/>
  <testcase name="networkIntegrity" classname="com.weatherwise.algorithm.SafeRouteOptimizerTest" time="0.007"/>
  <testcase name="escapeFromHazard" classname="com.weatherwise.algorithm.SafeRouteOptimizerTest" time="0.007"/>
  <testcase name="partialAvoidance" classname="com.weatherwise.algorithm.SafeRouteOptimizerTest" time="0.003"/>
</testsuite>